   1              		.cpu cortex-m0
   2              		.fpu softvfp
   3              		.eabi_attribute 20, 1
   4              		.eabi_attribute 21, 1
   5              		.eabi_attribute 23, 3
   6              		.eabi_attribute 24, 1
   7              		.eabi_attribute 25, 1
   8              		.eabi_attribute 26, 1
   9              		.eabi_attribute 30, 6
  10              		.eabi_attribute 34, 0
  11              		.eabi_attribute 18, 4
  12              		.code	16
  13              		.file	"ADC1.c"
  14              		.text
  15              	.Ltext0:
  16              		.cfi_sections	.debug_frame
  17              		.section	.text.ADC1_Init,"ax",%progbits
  18              		.align	2
  19              		.global	ADC1_Init
  20              		.code	16
  21              		.thumb_func
  23              	ADC1_Init:
  24              	.LFB0:
  25              		.file 1 "../Generated_Code/ADC1.c"
   1:../Generated_Code/ADC1.c **** /* ###################################################################
   2:../Generated_Code/ADC1.c **** **     This component module is generated by Processor Expert. Do not modify it.
   3:../Generated_Code/ADC1.c **** **     Filename    : ADC1.c
   4:../Generated_Code/ADC1.c **** **     Project     : ProcessorExpert
   5:../Generated_Code/ADC1.c **** **     Processor   : MKL25Z128VLK4
   6:../Generated_Code/ADC1.c **** **     Component   : Init_ADC
   7:../Generated_Code/ADC1.c **** **     Version     : Component 01.012, Driver 01.12, CPU db: 3.00.000
   8:../Generated_Code/ADC1.c **** **     Compiler    : GNU C Compiler
   9:../Generated_Code/ADC1.c **** **     Date/Time   : 2019-03-29, 12:20, # CodeGen: 59
  10:../Generated_Code/ADC1.c **** **     Abstract    :
  11:../Generated_Code/ADC1.c **** **          This file implements the ADC (ADC0) module initialization
  12:../Generated_Code/ADC1.c **** **          according to the Peripheral Initialization settings, and
  13:../Generated_Code/ADC1.c **** **          defines interrupt service routines prototypes.
  14:../Generated_Code/ADC1.c **** **     Settings    :
  15:../Generated_Code/ADC1.c **** **          Component name                                 : ADC1
  16:../Generated_Code/ADC1.c **** **          Device                                         : ADC0
  17:../Generated_Code/ADC1.c **** **          Settings                                       : 
  18:../Generated_Code/ADC1.c **** **            Clock gate                                   : Enabled
  19:../Generated_Code/ADC1.c **** **            Clock settings                               : 
  20:../Generated_Code/ADC1.c **** **              Input clock select                         : Bus clock
  21:../Generated_Code/ADC1.c **** **              Prescaler                                  : divide by 4
  22:../Generated_Code/ADC1.c **** **              Frequency                                  : 6000 kHz
  23:../Generated_Code/ADC1.c **** **              High-speed conversion                      : Disabled
  24:../Generated_Code/ADC1.c **** **              Asynchro clock output                      : Disabled
  25:../Generated_Code/ADC1.c **** **              Long sample time                           : Disabled
  26:../Generated_Code/ADC1.c **** **              Long sample time length                    : 20 ADCK cycles
  27:../Generated_Code/ADC1.c **** **            Conversion mode                              : Single
  28:../Generated_Code/ADC1.c **** **            Result data format                           : 16-bit right
  29:../Generated_Code/ADC1.c **** **            Low power mode                               : Disabled
  30:../Generated_Code/ADC1.c **** **            Conversion trigger                           : SW
  31:../Generated_Code/ADC1.c **** **            HW average settings                          : 
  32:../Generated_Code/ADC1.c **** **              HW average                                 : Enabled
  33:../Generated_Code/ADC1.c **** **              HW average length                          : 4 samples
  34:../Generated_Code/ADC1.c **** **            Single conversion time - Single-ended        : 17.71 us
  35:../Generated_Code/ADC1.c **** **            Single conversion time - Differential        : 23.71 us
  36:../Generated_Code/ADC1.c **** **            Additional conversion time - Single-ended    : 16.67 us
  37:../Generated_Code/ADC1.c **** **            Additional conversion time - Differential    : 22.67 us
  38:../Generated_Code/ADC1.c **** **            Compare settings                             : 
  39:../Generated_Code/ADC1.c **** **              Compare                                    : Disabled
  40:../Generated_Code/ADC1.c **** **              Compare value 1                            : 0
  41:../Generated_Code/ADC1.c **** **              Compare value 2                            : 0
  42:../Generated_Code/ADC1.c **** **              Relation of the CV1 to CV2                 : Less than or equal
  43:../Generated_Code/ADC1.c **** **              Compare function                           : Result < CV1
  44:../Generated_Code/ADC1.c **** **            Offset                                       : 4
  45:../Generated_Code/ADC1.c **** **            Voltage reference                            : Default pin pair
  46:../Generated_Code/ADC1.c **** **          Pins/Signals                                   : 
  47:../Generated_Code/ADC1.c **** **            Channel 0                                    : Disabled
  48:../Generated_Code/ADC1.c **** **            Channel 1                                    : Disabled
  49:../Generated_Code/ADC1.c **** **            Channel 2                                    : Disabled
  50:../Generated_Code/ADC1.c **** **            Channel 3                                    : Disabled
  51:../Generated_Code/ADC1.c **** **            Channel 4                                    : Disabled
  52:../Generated_Code/ADC1.c **** **            Channel 5                                    : Disabled
  53:../Generated_Code/ADC1.c **** **            Channel 6                                    : Disabled
  54:../Generated_Code/ADC1.c **** **            Channel 7                                    : Disabled
  55:../Generated_Code/ADC1.c **** **            Channel 8                                    : Enabled
  56:../Generated_Code/ADC1.c **** **              Single input                               : Enabled
  57:../Generated_Code/ADC1.c **** **                Channel 8 single input                   : ADC0_SE8/TSI0_CH0/PTB0/LLWU_P5/I2C0_SC
  58:../Generated_Code/ADC1.c **** **                Channel 8 single input signal            : 
  59:../Generated_Code/ADC1.c **** **            Channel 9                                    : Enabled
  60:../Generated_Code/ADC1.c **** **              Single input                               : Enabled
  61:../Generated_Code/ADC1.c **** **                Channel 9 single input                   : ADC0_SE9/TSI0_CH6/PTB1/I2C0_SDA/TPM1_C
  62:../Generated_Code/ADC1.c **** **                Channel 9 single input signal            : 
  63:../Generated_Code/ADC1.c **** **            Channel 10                                   : Disabled
  64:../Generated_Code/ADC1.c **** **            Channel 11                                   : Disabled
  65:../Generated_Code/ADC1.c **** **            Channel 12                                   : Enabled
  66:../Generated_Code/ADC1.c **** **              Single input                               : Enabled
  67:../Generated_Code/ADC1.c **** **                Channel 12 single input                  : ADC0_SE12/TSI0_CH7/PTB2/I2C0_SCL/TPM2_
  68:../Generated_Code/ADC1.c **** **                Channel 12 single input signal           : 
  69:../Generated_Code/ADC1.c **** **            Channel 13                                   : Disabled
  70:../Generated_Code/ADC1.c **** **            Channel 14                                   : Disabled
  71:../Generated_Code/ADC1.c **** **            Channel 15                                   : Disabled
  72:../Generated_Code/ADC1.c **** **            Channel 16                                   : Disabled
  73:../Generated_Code/ADC1.c **** **            Channel 17                                   : Disabled
  74:../Generated_Code/ADC1.c **** **            Channel 18                                   : Disabled
  75:../Generated_Code/ADC1.c **** **            Channel 19                                   : Disabled
  76:../Generated_Code/ADC1.c **** **            Channel 20                                   : Disabled
  77:../Generated_Code/ADC1.c **** **            Channel 21                                   : Disabled
  78:../Generated_Code/ADC1.c **** **            Channel 22                                   : Disabled
  79:../Generated_Code/ADC1.c **** **            Channel 23                                   : Disabled
  80:../Generated_Code/ADC1.c **** **            Channel 24                                   : Disabled
  81:../Generated_Code/ADC1.c **** **            Channel 25                                   : Disabled
  82:../Generated_Code/ADC1.c **** **            Channel 26                                   : Disabled
  83:../Generated_Code/ADC1.c **** **            Channel 27                                   : Disabled
  84:../Generated_Code/ADC1.c **** **            Channel 28                                   : Disabled
  85:../Generated_Code/ADC1.c **** **            Channel 29                                   : Disabled
  86:../Generated_Code/ADC1.c **** **            Channel 30                                   : Disabled
  87:../Generated_Code/ADC1.c **** **            Trigger A                                    : Disabled
  88:../Generated_Code/ADC1.c **** **            Trigger B                                    : Disabled
  89:../Generated_Code/ADC1.c **** **          Interrupts/DMA                                 : 
  90:../Generated_Code/ADC1.c **** **            Interrupt                                    : INT_ADC0
  91:../Generated_Code/ADC1.c **** **            Interrupt request                            : Disabled
  92:../Generated_Code/ADC1.c **** **            Interrupt priority                           : 0 (Highest)
  93:../Generated_Code/ADC1.c **** **            ISR name                                     : 
  94:../Generated_Code/ADC1.c **** **            Conversion complete A interrupt              : Disabled
  95:../Generated_Code/ADC1.c **** **            Conversion complete B interrupt              : Disabled
  96:../Generated_Code/ADC1.c **** **            DMA request                                  : Enabled
  97:../Generated_Code/ADC1.c **** **          Initialization                                 : 
  98:../Generated_Code/ADC1.c **** **            ADC part triggered  by trigger A             : 
  99:../Generated_Code/ADC1.c **** **              Initial channel select A                   : ADC disabled
 100:../Generated_Code/ADC1.c **** **              Differential mode A                        : Disabled
 101:../Generated_Code/ADC1.c **** **            ADC part triggered  by trigger B             : 
 102:../Generated_Code/ADC1.c **** **              Initial channel select B                   : ADC disabled
 103:../Generated_Code/ADC1.c **** **              Differential mode B                        : Disabled
 104:../Generated_Code/ADC1.c **** **            Call Init method                             : no
 105:../Generated_Code/ADC1.c **** **     Contents    :
 106:../Generated_Code/ADC1.c **** **         Init - void ADC1_Init(void);
 107:../Generated_Code/ADC1.c **** **
 108:../Generated_Code/ADC1.c **** **     Copyright : 1997 - 2014 Freescale Semiconductor, Inc. 
 109:../Generated_Code/ADC1.c **** **     All Rights Reserved.
 110:../Generated_Code/ADC1.c **** **     
 111:../Generated_Code/ADC1.c **** **     Redistribution and use in source and binary forms, with or without modification,
 112:../Generated_Code/ADC1.c **** **     are permitted provided that the following conditions are met:
 113:../Generated_Code/ADC1.c **** **     
 114:../Generated_Code/ADC1.c **** **     o Redistributions of source code must retain the above copyright notice, this list
 115:../Generated_Code/ADC1.c **** **       of conditions and the following disclaimer.
 116:../Generated_Code/ADC1.c **** **     
 117:../Generated_Code/ADC1.c **** **     o Redistributions in binary form must reproduce the above copyright notice, this
 118:../Generated_Code/ADC1.c **** **       list of conditions and the following disclaimer in the documentation and/or
 119:../Generated_Code/ADC1.c **** **       other materials provided with the distribution.
 120:../Generated_Code/ADC1.c **** **     
 121:../Generated_Code/ADC1.c **** **     o Neither the name of Freescale Semiconductor, Inc. nor the names of its
 122:../Generated_Code/ADC1.c **** **       contributors may be used to endorse or promote products derived from this
 123:../Generated_Code/ADC1.c **** **       software without specific prior written permission.
 124:../Generated_Code/ADC1.c **** **     
 125:../Generated_Code/ADC1.c **** **     THIS SOFTWARE IS PROVIDED BY THE COPYRIGHT HOLDERS AND CONTRIBUTORS "AS IS" AND
 126:../Generated_Code/ADC1.c **** **     ANY EXPRESS OR IMPLIED WARRANTIES, INCLUDING, BUT NOT LIMITED TO, THE IMPLIED
 127:../Generated_Code/ADC1.c **** **     WARRANTIES OF MERCHANTABILITY AND FITNESS FOR A PARTICULAR PURPOSE ARE
 128:../Generated_Code/ADC1.c **** **     DISCLAIMED. IN NO EVENT SHALL THE COPYRIGHT HOLDER OR CONTRIBUTORS BE LIABLE FOR
 129:../Generated_Code/ADC1.c **** **     ANY DIRECT, INDIRECT, INCIDENTAL, SPECIAL, EXEMPLARY, OR CONSEQUENTIAL DAMAGES
 130:../Generated_Code/ADC1.c **** **     (INCLUDING, BUT NOT LIMITED TO, PROCUREMENT OF SUBSTITUTE GOODS OR SERVICES;
 131:../Generated_Code/ADC1.c **** **     LOSS OF USE, DATA, OR PROFITS; OR BUSINESS INTERRUPTION) HOWEVER CAUSED AND ON
 132:../Generated_Code/ADC1.c **** **     ANY THEORY OF LIABILITY, WHETHER IN CONTRACT, STRICT LIABILITY, OR TORT
 133:../Generated_Code/ADC1.c **** **     (INCLUDING NEGLIGENCE OR OTHERWISE) ARISING IN ANY WAY OUT OF THE USE OF THIS
 134:../Generated_Code/ADC1.c **** **     SOFTWARE, EVEN IF ADVISED OF THE POSSIBILITY OF SUCH DAMAGE.
 135:../Generated_Code/ADC1.c **** **     
 136:../Generated_Code/ADC1.c **** **     http: www.freescale.com
 137:../Generated_Code/ADC1.c **** **     mail: support@freescale.com
 138:../Generated_Code/ADC1.c **** ** ###################################################################*/
 139:../Generated_Code/ADC1.c **** /*!
 140:../Generated_Code/ADC1.c **** ** @file ADC1.c
 141:../Generated_Code/ADC1.c **** ** @version 01.12
 142:../Generated_Code/ADC1.c **** ** @brief
 143:../Generated_Code/ADC1.c **** **          This file implements the ADC (ADC0) module initialization
 144:../Generated_Code/ADC1.c **** **          according to the Peripheral Initialization settings, and
 145:../Generated_Code/ADC1.c **** **          defines interrupt service routines prototypes.
 146:../Generated_Code/ADC1.c **** */         
 147:../Generated_Code/ADC1.c **** /*!
 148:../Generated_Code/ADC1.c **** **  @addtogroup ADC1_module ADC1 module documentation
 149:../Generated_Code/ADC1.c **** **  @{
 150:../Generated_Code/ADC1.c **** */         
 151:../Generated_Code/ADC1.c **** 
 152:../Generated_Code/ADC1.c **** /* MODULE ADC1. */
 153:../Generated_Code/ADC1.c **** 
 154:../Generated_Code/ADC1.c **** #include "ADC1.h"
 155:../Generated_Code/ADC1.c ****   /* Including shared modules, which are used in the whole project */
 156:../Generated_Code/ADC1.c **** #include "PE_Types.h"
 157:../Generated_Code/ADC1.c **** #include "PE_Error.h"
 158:../Generated_Code/ADC1.c **** #include "PE_Const.h"
 159:../Generated_Code/ADC1.c **** #include "IO_Map.h"
 160:../Generated_Code/ADC1.c **** #include "Cpu.h"
 161:../Generated_Code/ADC1.c **** 
 162:../Generated_Code/ADC1.c **** 
 163:../Generated_Code/ADC1.c **** /*
 164:../Generated_Code/ADC1.c **** ** ===================================================================
 165:../Generated_Code/ADC1.c **** **     Method      :  ADC1_Init (component Init_ADC)
 166:../Generated_Code/ADC1.c **** **     Description :
 167:../Generated_Code/ADC1.c **** **         This method initializes registers of the ADC module
 168:../Generated_Code/ADC1.c **** **         according to the Peripheral Initialization settings.
 169:../Generated_Code/ADC1.c **** **         Call this method in user code to initialize the module. By
 170:../Generated_Code/ADC1.c **** **         default, the method is called by PE automatically; see "Call
 171:../Generated_Code/ADC1.c **** **         Init method" property of the component for more details.
 172:../Generated_Code/ADC1.c **** **     Parameters  : None
 173:../Generated_Code/ADC1.c **** **     Returns     : Nothing
 174:../Generated_Code/ADC1.c **** ** ===================================================================
 175:../Generated_Code/ADC1.c **** */
 176:../Generated_Code/ADC1.c **** void ADC1_Init(void)
 177:../Generated_Code/ADC1.c **** {
  26              		.loc 1 177 0
  27              		.cfi_startproc
  28 0000 80B5     		push	{r7, lr}
  29              	.LCFI0:
  30              		.cfi_def_cfa_offset 8
  31              		.cfi_offset 7, -8
  32              		.cfi_offset 14, -4
  33 0002 00AF     		add	r7, sp, #0
  34              	.LCFI1:
  35              		.cfi_def_cfa_register 7
 178:../Generated_Code/ADC1.c ****   /* SIM_SCGC6: ADC0=1 */
 179:../Generated_Code/ADC1.c ****   SIM_SCGC6 |= SIM_SCGC6_ADC0_MASK;
  36              		.loc 1 179 0
  37 0004 144A     		ldr	r2, .L2
  38 0006 1449     		ldr	r1, .L2
  39 0008 144B     		ldr	r3, .L2+4
  40 000a CB58     		ldr	r3, [r1, r3]
  41 000c 8021     		mov	r1, #128
  42 000e 0905     		lsl	r1, r1, #20
  43 0010 1943     		orr	r1, r3
  44 0012 124B     		ldr	r3, .L2+4
  45 0014 D150     		str	r1, [r2, r3]
 180:../Generated_Code/ADC1.c ****   /* ADC0_CFG1: ??=0,??=0,??=0,??=0,??=0,??=0,??=0,??=0,??=0,??=0,??=0,??=0,??=0,??=0,??=0,??=0,??=
 181:../Generated_Code/ADC1.c ****   ADC0_CFG1 = ADC_CFG1_ADIV(0x02) |
  46              		.loc 1 181 0
  47 0016 124B     		ldr	r3, .L2+8
  48 0018 4C22     		mov	r2, #76
  49 001a 9A60     		str	r2, [r3, #8]
 182:../Generated_Code/ADC1.c ****               ADC_CFG1_MODE(0x03) |
 183:../Generated_Code/ADC1.c ****               ADC_CFG1_ADICLK(0x00);
 184:../Generated_Code/ADC1.c ****   /* ADC0_CFG2: ??=0,??=0,??=0,??=0,??=0,??=0,??=0,??=0,??=0,??=0,??=0,??=0,??=0,??=0,??=0,??=0,??=
 185:../Generated_Code/ADC1.c ****   ADC0_CFG2 &= (uint32_t)~(uint32_t)(
  50              		.loc 1 185 0
  51 001c 104B     		ldr	r3, .L2+8
  52 001e 104A     		ldr	r2, .L2+8
  53 0020 D168     		ldr	r1, [r2, #12]
  54 0022 1022     		mov	r2, #16
  55 0024 0A40     		and	r2, r1
  56 0026 DA60     		str	r2, [r3, #12]
 186:../Generated_Code/ADC1.c ****                 ADC_CFG2_ADACKEN_MASK |
 187:../Generated_Code/ADC1.c ****                 ADC_CFG2_ADHSC_MASK |
 188:../Generated_Code/ADC1.c ****                 ADC_CFG2_ADLSTS(0x03) |
 189:../Generated_Code/ADC1.c ****                 0xFFFFFFE0U
 190:../Generated_Code/ADC1.c ****                );
 191:../Generated_Code/ADC1.c ****   /* ADC0_CV1: ??=0,??=0,??=0,??=0,??=0,??=0,??=0,??=0,??=0,??=0,??=0,??=0,??=0,??=0,??=0,??=0,CV=0
 192:../Generated_Code/ADC1.c ****   ADC0_CV1 = ADC_CV1_CV(0x00);
  57              		.loc 1 192 0
  58 0028 0D4B     		ldr	r3, .L2+8
  59 002a 0022     		mov	r2, #0
  60 002c 9A61     		str	r2, [r3, #24]
 193:../Generated_Code/ADC1.c ****   /* ADC0_CV2: ??=0,??=0,??=0,??=0,??=0,??=0,??=0,??=0,??=0,??=0,??=0,??=0,??=0,??=0,??=0,??=0,CV=0
 194:../Generated_Code/ADC1.c ****   ADC0_CV2 = ADC_CV2_CV(0x00);
  61              		.loc 1 194 0
  62 002e 0C4B     		ldr	r3, .L2+8
  63 0030 0022     		mov	r2, #0
  64 0032 DA61     		str	r2, [r3, #28]
 195:../Generated_Code/ADC1.c ****   /* ADC0_OFS: ??=0,??=0,??=0,??=0,??=0,??=0,??=0,??=0,??=0,??=0,??=0,??=0,??=0,??=0,??=0,??=0,OFS=
 196:../Generated_Code/ADC1.c ****   ADC0_OFS = ADC_OFS_OFS(0x04);
  65              		.loc 1 196 0
  66 0034 0A4B     		ldr	r3, .L2+8
  67 0036 0422     		mov	r2, #4
  68 0038 9A62     		str	r2, [r3, #40]
 197:../Generated_Code/ADC1.c ****   /* ADC0_SC2: ??=0,??=0,??=0,??=0,??=0,??=0,??=0,??=0,??=0,??=0,??=0,??=0,??=0,??=0,??=0,??=0,??=0
 198:../Generated_Code/ADC1.c ****   ADC0_SC2 = (ADC_SC2_DMAEN_MASK | ADC_SC2_REFSEL(0x00));
  69              		.loc 1 198 0
  70 003a 094B     		ldr	r3, .L2+8
  71 003c 0422     		mov	r2, #4
  72 003e 1A62     		str	r2, [r3, #32]
 199:../Generated_Code/ADC1.c ****   /* ADC0_SC3: ??=0,??=0,??=0,??=0,??=0,??=0,??=0,??=0,??=0,??=0,??=0,??=0,??=0,??=0,??=0,??=0,??=0
 200:../Generated_Code/ADC1.c ****   ADC0_SC3 = (ADC_SC3_AVGE_MASK | ADC_SC3_AVGS(0x00));
  73              		.loc 1 200 0
  74 0040 074B     		ldr	r3, .L2+8
  75 0042 0422     		mov	r2, #4
  76 0044 5A62     		str	r2, [r3, #36]
 201:../Generated_Code/ADC1.c ****   /* ADC0_SC1A: ??=0,??=0,??=0,??=0,??=0,??=0,??=0,??=0,??=0,??=0,??=0,??=0,??=0,??=0,??=0,??=0,??=
 202:../Generated_Code/ADC1.c ****   ADC0_SC1A = ADC_SC1_ADCH(0x1F);
  77              		.loc 1 202 0
  78 0046 064B     		ldr	r3, .L2+8
  79 0048 1F22     		mov	r2, #31
  80 004a 1A60     		str	r2, [r3]
 203:../Generated_Code/ADC1.c ****   /* ADC0_SC1B: ??=0,??=0,??=0,??=0,??=0,??=0,??=0,??=0,??=0,??=0,??=0,??=0,??=0,??=0,??=0,??=0,??=
 204:../Generated_Code/ADC1.c ****   ADC0_SC1B = ADC_SC1_ADCH(0x1F);
  81              		.loc 1 204 0
  82 004c 044B     		ldr	r3, .L2+8
  83 004e 1F22     		mov	r2, #31
  84 0050 5A60     		str	r2, [r3, #4]
 205:../Generated_Code/ADC1.c **** }
  85              		.loc 1 205 0
  86 0052 BD46     		mov	sp, r7
  87              		@ sp needed for prologue
  88 0054 80BD     		pop	{r7, pc}
  89              	.L3:
  90 0056 C046     		.align	2
  91              	.L2:
  92 0058 00700440 		.word	1074032640
  93 005c 3C100000 		.word	4156
  94 0060 00B00340 		.word	1073983488
  95              		.cfi_endproc
  96              	.LFE0:
  98              		.text
  99              	.Letext0:
 100              		.file 2 "D:/Freescale/CW MCU v10.7/MCU/ARM_GCC_Support/ewl/EWL_C/include/cstdint"
 101              		.file 3 "D:/Freescale/CW MCU v10.7/MCU/ProcessorExpert/lib/Kinetis/iofiles/MKL25Z4.h"
DEFINED SYMBOLS
                            *ABS*:00000000 ADC1.c
C:\Users\JOSHUA~1\AppData\Local\Temp\ccjUSsgw.s:18     .text.ADC1_Init:00000000 $t
C:\Users\JOSHUA~1\AppData\Local\Temp\ccjUSsgw.s:23     .text.ADC1_Init:00000000 ADC1_Init
C:\Users\JOSHUA~1\AppData\Local\Temp\ccjUSsgw.s:92     .text.ADC1_Init:00000058 $d
                     .debug_frame:00000010 $d

NO UNDEFINED SYMBOLS
