   1              		.cpu cortex-m0
   2              		.fpu softvfp
   3              		.eabi_attribute 20, 1
   4              		.eabi_attribute 21, 1
   5              		.eabi_attribute 23, 3
   6              		.eabi_attribute 24, 1
   7              		.eabi_attribute 25, 1
   8              		.eabi_attribute 26, 1
   9              		.eabi_attribute 30, 6
  10              		.eabi_attribute 34, 0
  11              		.eabi_attribute 18, 4
  12              		.code	16
  13              		.file	"TU1.c"
  14              		.text
  15              	.Ltext0:
  16              		.cfi_sections	.debug_frame
  17              		.section	.bss.DeviceDataPrv__DEFAULT_RTOS_ALLOC,"aw",%nobits
  18              		.align	2
  21              	DeviceDataPrv__DEFAULT_RTOS_ALLOC:
  22 0000 00000000 		.space	4
  23              		.section	.text.TU1_Init,"ax",%progbits
  24              		.align	2
  25              		.global	TU1_Init
  26              		.code	16
  27              		.thumb_func
  29              	TU1_Init:
  30              	.LFB0:
  31              		.file 1 "../Generated_Code/TU1.c"
   1:../Generated_Code/TU1.c **** /* ###################################################################
   2:../Generated_Code/TU1.c **** **     This component module is generated by Processor Expert. Do not modify it.
   3:../Generated_Code/TU1.c **** **     Filename    : TU1.c
   4:../Generated_Code/TU1.c **** **     Project     : ProcessorExpert
   5:../Generated_Code/TU1.c **** **     Processor   : MKL25Z128VLK4
   6:../Generated_Code/TU1.c **** **     Component   : TimerUnit_LDD
   7:../Generated_Code/TU1.c **** **     Version     : Component 01.164, Driver 01.11, CPU db: 3.00.000
   8:../Generated_Code/TU1.c **** **     Compiler    : GNU C Compiler
   9:../Generated_Code/TU1.c **** **     Date/Time   : 2019-03-27, 16:14, # CodeGen: 58
  10:../Generated_Code/TU1.c **** **     Abstract    :
  11:../Generated_Code/TU1.c **** **          This TimerUnit component provides a low level API for unified hardware access across
  12:../Generated_Code/TU1.c **** **          various timer devices using the Prescaler-Counter-Compare-Capture timer structure.
  13:../Generated_Code/TU1.c **** **     Settings    :
  14:../Generated_Code/TU1.c **** **          Component name                                 : TU1
  15:../Generated_Code/TU1.c **** **          Module name                                    : TPM0
  16:../Generated_Code/TU1.c **** **          Counter                                        : TPM0_CNT
  17:../Generated_Code/TU1.c **** **          Counter direction                              : Up
  18:../Generated_Code/TU1.c **** **          Counter width                                  : 16 bits
  19:../Generated_Code/TU1.c **** **          Value type                                     : Optimal
  20:../Generated_Code/TU1.c **** **          Input clock source                             : Internal
  21:../Generated_Code/TU1.c **** **            Counter frequency                            : Auto select
  22:../Generated_Code/TU1.c **** **          Counter restart                                : On-match
  23:../Generated_Code/TU1.c **** **            Period device                                : TPM0_MOD
  24:../Generated_Code/TU1.c **** **            Period                                       : 349.525333 ms
  25:../Generated_Code/TU1.c **** **            Interrupt                                    : Disabled
  26:../Generated_Code/TU1.c **** **          Channel list                                   : 0
  27:../Generated_Code/TU1.c **** **          Initialization                                 : 
  28:../Generated_Code/TU1.c **** **            Enabled in init. code                        : yes
  29:../Generated_Code/TU1.c **** **            Auto initialization                          : yes
  30:../Generated_Code/TU1.c **** **            Event mask                                   : 
  31:../Generated_Code/TU1.c **** **              OnCounterRestart                           : Disabled
  32:../Generated_Code/TU1.c **** **              OnChannel0                                 : Disabled
  33:../Generated_Code/TU1.c **** **              OnChannel1                                 : Disabled
  34:../Generated_Code/TU1.c **** **              OnChannel2                                 : Disabled
  35:../Generated_Code/TU1.c **** **              OnChannel3                                 : Disabled
  36:../Generated_Code/TU1.c **** **              OnChannel4                                 : Disabled
  37:../Generated_Code/TU1.c **** **              OnChannel5                                 : Disabled
  38:../Generated_Code/TU1.c **** **              OnChannel6                                 : Disabled
  39:../Generated_Code/TU1.c **** **              OnChannel7                                 : Disabled
  40:../Generated_Code/TU1.c **** **          CPU clock/configuration selection              : 
  41:../Generated_Code/TU1.c **** **            Clock configuration 0                        : This component enabled
  42:../Generated_Code/TU1.c **** **            Clock configuration 1                        : This component disabled
  43:../Generated_Code/TU1.c **** **            Clock configuration 2                        : This component disabled
  44:../Generated_Code/TU1.c **** **            Clock configuration 3                        : This component disabled
  45:../Generated_Code/TU1.c **** **            Clock configuration 4                        : This component disabled
  46:../Generated_Code/TU1.c **** **            Clock configuration 5                        : This component disabled
  47:../Generated_Code/TU1.c **** **            Clock configuration 6                        : This component disabled
  48:../Generated_Code/TU1.c **** **            Clock configuration 7                        : This component disabled
  49:../Generated_Code/TU1.c **** **     Contents    :
  50:../Generated_Code/TU1.c **** **         Init            - LDD_TDeviceData* TU1_Init(LDD_TUserData *UserDataPtr);
  51:../Generated_Code/TU1.c **** **         Deinit          - void TU1_Deinit(LDD_TDeviceData *DeviceDataPtr);
  52:../Generated_Code/TU1.c **** **         ResetCounter    - LDD_TError TU1_ResetCounter(LDD_TDeviceData *DeviceDataPtr);
  53:../Generated_Code/TU1.c **** **         GetCounterValue - TU1_TValueType TU1_GetCounterValue(LDD_TDeviceData *DeviceDataPtr);
  54:../Generated_Code/TU1.c **** **
  55:../Generated_Code/TU1.c **** **     Copyright : 1997 - 2014 Freescale Semiconductor, Inc. 
  56:../Generated_Code/TU1.c **** **     All Rights Reserved.
  57:../Generated_Code/TU1.c **** **     
  58:../Generated_Code/TU1.c **** **     Redistribution and use in source and binary forms, with or without modification,
  59:../Generated_Code/TU1.c **** **     are permitted provided that the following conditions are met:
  60:../Generated_Code/TU1.c **** **     
  61:../Generated_Code/TU1.c **** **     o Redistributions of source code must retain the above copyright notice, this list
  62:../Generated_Code/TU1.c **** **       of conditions and the following disclaimer.
  63:../Generated_Code/TU1.c **** **     
  64:../Generated_Code/TU1.c **** **     o Redistributions in binary form must reproduce the above copyright notice, this
  65:../Generated_Code/TU1.c **** **       list of conditions and the following disclaimer in the documentation and/or
  66:../Generated_Code/TU1.c **** **       other materials provided with the distribution.
  67:../Generated_Code/TU1.c **** **     
  68:../Generated_Code/TU1.c **** **     o Neither the name of Freescale Semiconductor, Inc. nor the names of its
  69:../Generated_Code/TU1.c **** **       contributors may be used to endorse or promote products derived from this
  70:../Generated_Code/TU1.c **** **       software without specific prior written permission.
  71:../Generated_Code/TU1.c **** **     
  72:../Generated_Code/TU1.c **** **     THIS SOFTWARE IS PROVIDED BY THE COPYRIGHT HOLDERS AND CONTRIBUTORS "AS IS" AND
  73:../Generated_Code/TU1.c **** **     ANY EXPRESS OR IMPLIED WARRANTIES, INCLUDING, BUT NOT LIMITED TO, THE IMPLIED
  74:../Generated_Code/TU1.c **** **     WARRANTIES OF MERCHANTABILITY AND FITNESS FOR A PARTICULAR PURPOSE ARE
  75:../Generated_Code/TU1.c **** **     DISCLAIMED. IN NO EVENT SHALL THE COPYRIGHT HOLDER OR CONTRIBUTORS BE LIABLE FOR
  76:../Generated_Code/TU1.c **** **     ANY DIRECT, INDIRECT, INCIDENTAL, SPECIAL, EXEMPLARY, OR CONSEQUENTIAL DAMAGES
  77:../Generated_Code/TU1.c **** **     (INCLUDING, BUT NOT LIMITED TO, PROCUREMENT OF SUBSTITUTE GOODS OR SERVICES;
  78:../Generated_Code/TU1.c **** **     LOSS OF USE, DATA, OR PROFITS; OR BUSINESS INTERRUPTION) HOWEVER CAUSED AND ON
  79:../Generated_Code/TU1.c **** **     ANY THEORY OF LIABILITY, WHETHER IN CONTRACT, STRICT LIABILITY, OR TORT
  80:../Generated_Code/TU1.c **** **     (INCLUDING NEGLIGENCE OR OTHERWISE) ARISING IN ANY WAY OUT OF THE USE OF THIS
  81:../Generated_Code/TU1.c **** **     SOFTWARE, EVEN IF ADVISED OF THE POSSIBILITY OF SUCH DAMAGE.
  82:../Generated_Code/TU1.c **** **     
  83:../Generated_Code/TU1.c **** **     http: www.freescale.com
  84:../Generated_Code/TU1.c **** **     mail: support@freescale.com
  85:../Generated_Code/TU1.c **** ** ###################################################################*/
  86:../Generated_Code/TU1.c **** /*!
  87:../Generated_Code/TU1.c **** ** @file TU1.c
  88:../Generated_Code/TU1.c **** ** @version 01.11
  89:../Generated_Code/TU1.c **** ** @brief
  90:../Generated_Code/TU1.c **** **          This TimerUnit component provides a low level API for unified hardware access across
  91:../Generated_Code/TU1.c **** **          various timer devices using the Prescaler-Counter-Compare-Capture timer structure.
  92:../Generated_Code/TU1.c **** */         
  93:../Generated_Code/TU1.c **** /*!
  94:../Generated_Code/TU1.c **** **  @addtogroup TU1_module TU1 module documentation
  95:../Generated_Code/TU1.c **** **  @{
  96:../Generated_Code/TU1.c **** */         
  97:../Generated_Code/TU1.c **** 
  98:../Generated_Code/TU1.c **** /* MODULE TU1. */
  99:../Generated_Code/TU1.c **** 
 100:../Generated_Code/TU1.c **** #include "TU1.h"
 101:../Generated_Code/TU1.c **** /* {Default RTOS Adapter} No RTOS includes */
 102:../Generated_Code/TU1.c **** #include "IO_Map.h"
 103:../Generated_Code/TU1.c **** 
 104:../Generated_Code/TU1.c **** #ifdef __cplusplus
 105:../Generated_Code/TU1.c **** extern "C" {
 106:../Generated_Code/TU1.c **** #endif 
 107:../Generated_Code/TU1.c **** 
 108:../Generated_Code/TU1.c **** 
 109:../Generated_Code/TU1.c **** typedef struct {
 110:../Generated_Code/TU1.c ****   LDD_TUserData *UserDataPtr;          /* RTOS device data structure */
 111:../Generated_Code/TU1.c **** } TU1_TDeviceData;
 112:../Generated_Code/TU1.c **** 
 113:../Generated_Code/TU1.c **** typedef TU1_TDeviceData *TU1_TDeviceDataPtr; /* Pointer to the device data structure. */
 114:../Generated_Code/TU1.c **** 
 115:../Generated_Code/TU1.c **** /* {Default RTOS Adapter} Static object used for simulation of dynamic driver memory allocation */
 116:../Generated_Code/TU1.c **** static TU1_TDeviceData DeviceDataPrv__DEFAULT_RTOS_ALLOC;
 117:../Generated_Code/TU1.c **** 
 118:../Generated_Code/TU1.c **** 
 119:../Generated_Code/TU1.c **** /* Internal method prototypes */
 120:../Generated_Code/TU1.c **** /*
 121:../Generated_Code/TU1.c **** ** ===================================================================
 122:../Generated_Code/TU1.c **** **     Method      :  TU1_Init (component TimerUnit_LDD)
 123:../Generated_Code/TU1.c **** */
 124:../Generated_Code/TU1.c **** /*!
 125:../Generated_Code/TU1.c **** **     @brief
 126:../Generated_Code/TU1.c **** **         Initializes the device. Allocates memory for the device data
 127:../Generated_Code/TU1.c **** **         structure, allocates interrupt vectors and sets interrupt
 128:../Generated_Code/TU1.c **** **         priority, sets pin routing, sets timing, etc. If the
 129:../Generated_Code/TU1.c **** **         property ["Enable in init. code"] is set to "yes" value then
 130:../Generated_Code/TU1.c **** **         the device is also enabled (see the description of the
 131:../Generated_Code/TU1.c **** **         [Enable] method). In this case the [Enable] method is not
 132:../Generated_Code/TU1.c **** **         necessary and needn't to be generated. This method can be
 133:../Generated_Code/TU1.c **** **         called only once. Before the second call of Init the [Deinit]
 134:../Generated_Code/TU1.c **** **         must be called first.
 135:../Generated_Code/TU1.c **** **     @param
 136:../Generated_Code/TU1.c **** **         UserDataPtr     - Pointer to the user or
 137:../Generated_Code/TU1.c **** **                           RTOS specific data. This pointer will be
 138:../Generated_Code/TU1.c **** **                           passed as an event or callback parameter.
 139:../Generated_Code/TU1.c **** **     @return
 140:../Generated_Code/TU1.c **** **                         - Pointer to the dynamically allocated private
 141:../Generated_Code/TU1.c **** **                           structure or NULL if there was an error.
 142:../Generated_Code/TU1.c **** */
 143:../Generated_Code/TU1.c **** /* ===================================================================*/
 144:../Generated_Code/TU1.c **** LDD_TDeviceData* TU1_Init(LDD_TUserData *UserDataPtr)
 145:../Generated_Code/TU1.c **** {
  32              		.loc 1 145 0
  33              		.cfi_startproc
  34 0000 80B5     		push	{r7, lr}
  35              	.LCFI0:
  36              		.cfi_def_cfa_offset 8
  37              		.cfi_offset 7, -8
  38              		.cfi_offset 14, -4
  39 0002 84B0     		sub	sp, sp, #16
  40              	.LCFI1:
  41              		.cfi_def_cfa_offset 24
  42 0004 00AF     		add	r7, sp, #0
  43              	.LCFI2:
  44              		.cfi_def_cfa_register 7
  45 0006 7860     		str	r0, [r7, #4]
 146:../Generated_Code/TU1.c ****   /* Allocate device structure */
 147:../Generated_Code/TU1.c ****   TU1_TDeviceData *DeviceDataPrv;
 148:../Generated_Code/TU1.c ****   /* {Default RTOS Adapter} Driver memory allocation: Dynamic allocation is simulated by a pointer 
 149:../Generated_Code/TU1.c ****   DeviceDataPrv = &DeviceDataPrv__DEFAULT_RTOS_ALLOC;
  46              		.loc 1 149 0
  47 0008 194B     		ldr	r3, .L3
  48 000a FB60     		str	r3, [r7, #12]
 150:../Generated_Code/TU1.c ****   DeviceDataPrv->UserDataPtr = UserDataPtr; /* Store the RTOS device structure */
  49              		.loc 1 150 0
  50 000c FB68     		ldr	r3, [r7, #12]
  51 000e 7A68     		ldr	r2, [r7, #4]
  52 0010 1A60     		str	r2, [r3]
 151:../Generated_Code/TU1.c ****   /* SIM_SCGC6: TPM0=1 */
 152:../Generated_Code/TU1.c ****   SIM_SCGC6 |= SIM_SCGC6_TPM0_MASK;
  53              		.loc 1 152 0
  54 0012 184A     		ldr	r2, .L3+4
  55 0014 1749     		ldr	r1, .L3+4
  56 0016 184B     		ldr	r3, .L3+8
  57 0018 CB58     		ldr	r3, [r1, r3]
  58 001a 8021     		mov	r1, #128
  59 001c 4904     		lsl	r1, r1, #17
  60 001e 1943     		orr	r1, r3
  61 0020 154B     		ldr	r3, .L3+8
  62 0022 D150     		str	r1, [r2, r3]
 153:../Generated_Code/TU1.c ****   /* TPM0_SC: ??=0,??=0,??=0,??=0,??=0,??=0,??=0,??=0,??=0,??=0,??=0,??=0,??=0,??=0,??=0,??=0,??=0,
 154:../Generated_Code/TU1.c ****   TPM0_SC = (TPM_SC_CMOD(0x00) | TPM_SC_PS(0x00)); /* Clear status and control register */
  63              		.loc 1 154 0
  64 0024 154B     		ldr	r3, .L3+12
  65 0026 0022     		mov	r2, #0
  66 0028 1A60     		str	r2, [r3]
 155:../Generated_Code/TU1.c ****   /* TPM0_CNT: ??=0,??=0,??=0,??=0,??=0,??=0,??=0,??=0,??=0,??=0,??=0,??=0,??=0,??=0,??=0,??=0,COUN
 156:../Generated_Code/TU1.c ****   TPM0_CNT = TPM_CNT_COUNT(0x00);      /* Reset counter register */
  67              		.loc 1 156 0
  68 002a 144B     		ldr	r3, .L3+12
  69 002c 0022     		mov	r2, #0
  70 002e 5A60     		str	r2, [r3, #4]
 157:../Generated_Code/TU1.c ****   /* TPM0_C0SC: ??=0,??=0,??=0,??=0,??=0,??=0,??=0,??=0,??=0,??=0,??=0,??=0,??=0,??=0,??=0,??=0,??=
 158:../Generated_Code/TU1.c ****   TPM0_C0SC = 0x00U;                   /* Clear channel status and control register */
  71              		.loc 1 158 0
  72 0030 124B     		ldr	r3, .L3+12
  73 0032 0022     		mov	r2, #0
  74 0034 DA60     		str	r2, [r3, #12]
 159:../Generated_Code/TU1.c ****   /* TPM0_C1SC: ??=0,??=0,??=0,??=0,??=0,??=0,??=0,??=0,??=0,??=0,??=0,??=0,??=0,??=0,??=0,??=0,??=
 160:../Generated_Code/TU1.c ****   TPM0_C1SC = 0x00U;                   /* Clear channel status and control register */
  75              		.loc 1 160 0
  76 0036 114B     		ldr	r3, .L3+12
  77 0038 0022     		mov	r2, #0
  78 003a 5A61     		str	r2, [r3, #20]
 161:../Generated_Code/TU1.c ****   /* TPM0_C2SC: ??=0,??=0,??=0,??=0,??=0,??=0,??=0,??=0,??=0,??=0,??=0,??=0,??=0,??=0,??=0,??=0,??=
 162:../Generated_Code/TU1.c ****   TPM0_C2SC = 0x00U;                   /* Clear channel status and control register */
  79              		.loc 1 162 0
  80 003c 0F4B     		ldr	r3, .L3+12
  81 003e 0022     		mov	r2, #0
  82 0040 DA61     		str	r2, [r3, #28]
 163:../Generated_Code/TU1.c ****   /* TPM0_C3SC: ??=0,??=0,??=0,??=0,??=0,??=0,??=0,??=0,??=0,??=0,??=0,??=0,??=0,??=0,??=0,??=0,??=
 164:../Generated_Code/TU1.c ****   TPM0_C3SC = 0x00U;                   /* Clear channel status and control register */
  83              		.loc 1 164 0
  84 0042 0E4B     		ldr	r3, .L3+12
  85 0044 0022     		mov	r2, #0
  86 0046 5A62     		str	r2, [r3, #36]
 165:../Generated_Code/TU1.c ****   /* TPM0_C4SC: ??=0,??=0,??=0,??=0,??=0,??=0,??=0,??=0,??=0,??=0,??=0,??=0,??=0,??=0,??=0,??=0,??=
 166:../Generated_Code/TU1.c ****   TPM0_C4SC = 0x00U;                   /* Clear channel status and control register */
  87              		.loc 1 166 0
  88 0048 0C4B     		ldr	r3, .L3+12
  89 004a 0022     		mov	r2, #0
  90 004c DA62     		str	r2, [r3, #44]
 167:../Generated_Code/TU1.c ****   /* TPM0_C5SC: ??=0,??=0,??=0,??=0,??=0,??=0,??=0,??=0,??=0,??=0,??=0,??=0,??=0,??=0,??=0,??=0,??=
 168:../Generated_Code/TU1.c ****   TPM0_C5SC = 0x00U;                   /* Clear channel status and control register */
  91              		.loc 1 168 0
  92 004e 0B4B     		ldr	r3, .L3+12
  93 0050 0022     		mov	r2, #0
  94 0052 5A63     		str	r2, [r3, #52]
 169:../Generated_Code/TU1.c ****   /* TPM0_MOD: ??=0,??=0,??=0,??=0,??=0,??=0,??=0,??=0,??=0,??=0,??=0,??=0,??=0,??=0,??=0,??=0,MOD=
 170:../Generated_Code/TU1.c ****   TPM0_MOD = TPM_MOD_MOD(0xFFFF);      /* Set up modulo register */
  95              		.loc 1 170 0
  96 0054 094B     		ldr	r3, .L3+12
  97 0056 0A4A     		ldr	r2, .L3+16
  98 0058 9A60     		str	r2, [r3, #8]
 171:../Generated_Code/TU1.c ****   /* TPM0_SC: ??=0,??=0,??=0,??=0,??=0,??=0,??=0,??=0,??=0,??=0,??=0,??=0,??=0,??=0,??=0,??=0,??=0,
 172:../Generated_Code/TU1.c ****   TPM0_SC = (TPM_SC_CMOD(0x01) | TPM_SC_PS(0x07)); /* Set up status and control register */
  99              		.loc 1 172 0
 100 005a 084B     		ldr	r3, .L3+12
 101 005c 0F22     		mov	r2, #15
 102 005e 1A60     		str	r2, [r3]
 173:../Generated_Code/TU1.c ****   /* Registration of the device structure */
 174:../Generated_Code/TU1.c ****   PE_LDD_RegisterDeviceStructure(PE_LDD_COMPONENT_TU1_ID,DeviceDataPrv);
 103              		.loc 1 174 0
 104 0060 084B     		ldr	r3, .L3+20
 105 0062 FA68     		ldr	r2, [r7, #12]
 106 0064 5A60     		str	r2, [r3, #4]
 175:../Generated_Code/TU1.c ****   return ((LDD_TDeviceData *)DeviceDataPrv); /* Return pointer to the device data structure */
 107              		.loc 1 175 0
 108 0066 FB68     		ldr	r3, [r7, #12]
 176:../Generated_Code/TU1.c **** }
 109              		.loc 1 176 0
 110 0068 181C     		mov	r0, r3
 111 006a BD46     		mov	sp, r7
 112 006c 04B0     		add	sp, sp, #16
 113              		@ sp needed for prologue
 114 006e 80BD     		pop	{r7, pc}
 115              	.L4:
 116              		.align	2
 117              	.L3:
 118 0070 00000000 		.word	DeviceDataPrv__DEFAULT_RTOS_ALLOC
 119 0074 00700440 		.word	1074032640
 120 0078 3C100000 		.word	4156
 121 007c 00800340 		.word	1073971200
 122 0080 FFFF0000 		.word	65535
 123 0084 00000000 		.word	PE_LDD_DeviceDataList
 124              		.cfi_endproc
 125              	.LFE0:
 127              		.section	.text.TU1_Deinit,"ax",%progbits
 128              		.align	2
 129              		.global	TU1_Deinit
 130              		.code	16
 131              		.thumb_func
 133              	TU1_Deinit:
 134              	.LFB1:
 177:../Generated_Code/TU1.c **** 
 178:../Generated_Code/TU1.c **** /*
 179:../Generated_Code/TU1.c **** ** ===================================================================
 180:../Generated_Code/TU1.c **** **     Method      :  TU1_Deinit (component TimerUnit_LDD)
 181:../Generated_Code/TU1.c **** */
 182:../Generated_Code/TU1.c **** /*!
 183:../Generated_Code/TU1.c **** **     @brief
 184:../Generated_Code/TU1.c **** **         Deinitializes the device. Switches off the device, frees the
 185:../Generated_Code/TU1.c **** **         device data structure memory, interrupts vectors, etc.
 186:../Generated_Code/TU1.c **** **     @param
 187:../Generated_Code/TU1.c **** **         DeviceDataPtr   - Device data structure
 188:../Generated_Code/TU1.c **** **                           pointer returned by Init method
 189:../Generated_Code/TU1.c **** */
 190:../Generated_Code/TU1.c **** /* ===================================================================*/
 191:../Generated_Code/TU1.c **** void TU1_Deinit(LDD_TDeviceData *DeviceDataPtr)
 192:../Generated_Code/TU1.c **** {
 135              		.loc 1 192 0
 136              		.cfi_startproc
 137 0000 80B5     		push	{r7, lr}
 138              	.LCFI3:
 139              		.cfi_def_cfa_offset 8
 140              		.cfi_offset 7, -8
 141              		.cfi_offset 14, -4
 142 0002 84B0     		sub	sp, sp, #16
 143              	.LCFI4:
 144              		.cfi_def_cfa_offset 24
 145 0004 00AF     		add	r7, sp, #0
 146              	.LCFI5:
 147              		.cfi_def_cfa_register 7
 148 0006 7860     		str	r0, [r7, #4]
 193:../Generated_Code/TU1.c ****   TU1_TDeviceData *DeviceDataPrv = (TU1_TDeviceData *)DeviceDataPtr;
 149              		.loc 1 193 0
 150 0008 7B68     		ldr	r3, [r7, #4]
 151 000a FB60     		str	r3, [r7, #12]
 194:../Generated_Code/TU1.c **** 
 195:../Generated_Code/TU1.c ****   (void)DeviceDataPrv;
 196:../Generated_Code/TU1.c ****   TPM_PDD_SelectPrescalerSource(TPM0_BASE_PTR, TPM_PDD_DISABLED);
 152              		.loc 1 196 0
 153 000c 054B     		ldr	r3, .L6
 154 000e 054A     		ldr	r2, .L6
 155 0010 1268     		ldr	r2, [r2]
 156 0012 9821     		mov	r1, #152
 157 0014 8A43     		bic	r2, r1
 158 0016 1A60     		str	r2, [r3]
 197:../Generated_Code/TU1.c ****   /* Unregistration of the device structure */
 198:../Generated_Code/TU1.c ****   PE_LDD_UnregisterDeviceStructure(PE_LDD_COMPONENT_TU1_ID);
 159              		.loc 1 198 0
 160 0018 034B     		ldr	r3, .L6+4
 161 001a 0022     		mov	r2, #0
 162 001c 5A60     		str	r2, [r3, #4]
 199:../Generated_Code/TU1.c ****   /* Deallocation of the device structure */
 200:../Generated_Code/TU1.c ****   /* {Default RTOS Adapter} Driver memory deallocation: Dynamic allocation is simulated, no dealloc
 201:../Generated_Code/TU1.c **** }
 163              		.loc 1 201 0
 164 001e BD46     		mov	sp, r7
 165 0020 04B0     		add	sp, sp, #16
 166              		@ sp needed for prologue
 167 0022 80BD     		pop	{r7, pc}
 168              	.L7:
 169              		.align	2
 170              	.L6:
 171 0024 00800340 		.word	1073971200
 172 0028 00000000 		.word	PE_LDD_DeviceDataList
 173              		.cfi_endproc
 174              	.LFE1:
 176              		.section	.text.TU1_ResetCounter,"ax",%progbits
 177              		.align	2
 178              		.global	TU1_ResetCounter
 179              		.code	16
 180              		.thumb_func
 182              	TU1_ResetCounter:
 183              	.LFB2:
 202:../Generated_Code/TU1.c **** 
 203:../Generated_Code/TU1.c **** /*
 204:../Generated_Code/TU1.c **** ** ===================================================================
 205:../Generated_Code/TU1.c **** **     Method      :  TU1_ResetCounter (component TimerUnit_LDD)
 206:../Generated_Code/TU1.c **** */
 207:../Generated_Code/TU1.c **** /*!
 208:../Generated_Code/TU1.c **** **     @brief
 209:../Generated_Code/TU1.c **** **         Resets counter. If counter is counting up then it is set to
 210:../Generated_Code/TU1.c **** **         zero. If counter is counting down then counter is updated to
 211:../Generated_Code/TU1.c **** **         the reload value.
 212:../Generated_Code/TU1.c **** **         The method is not available if HW doesn't allow resetting of
 213:../Generated_Code/TU1.c **** **         the counter.
 214:../Generated_Code/TU1.c **** **     @param
 215:../Generated_Code/TU1.c **** **         DeviceDataPtr   - Device data structure
 216:../Generated_Code/TU1.c **** **                           pointer returned by [Init] method.
 217:../Generated_Code/TU1.c **** **     @return
 218:../Generated_Code/TU1.c **** **                         - Error code, possible codes:
 219:../Generated_Code/TU1.c **** **                           ERR_OK - OK 
 220:../Generated_Code/TU1.c **** **                           ERR_SPEED - The component does not work in
 221:../Generated_Code/TU1.c **** **                           the active clock configuration
 222:../Generated_Code/TU1.c **** */
 223:../Generated_Code/TU1.c **** /* ===================================================================*/
 224:../Generated_Code/TU1.c **** LDD_TError TU1_ResetCounter(LDD_TDeviceData *DeviceDataPtr)
 225:../Generated_Code/TU1.c **** {
 184              		.loc 1 225 0
 185              		.cfi_startproc
 186 0000 80B5     		push	{r7, lr}
 187              	.LCFI6:
 188              		.cfi_def_cfa_offset 8
 189              		.cfi_offset 7, -8
 190              		.cfi_offset 14, -4
 191 0002 82B0     		sub	sp, sp, #8
 192              	.LCFI7:
 193              		.cfi_def_cfa_offset 16
 194 0004 00AF     		add	r7, sp, #0
 195              	.LCFI8:
 196              		.cfi_def_cfa_register 7
 197 0006 7860     		str	r0, [r7, #4]
 226:../Generated_Code/TU1.c ****   (void)DeviceDataPtr;                 /* Parameter is not used, suppress unused argument warning *
 227:../Generated_Code/TU1.c ****   TPM_PDD_InitializeCounter(TPM0_BASE_PTR);
 198              		.loc 1 227 0
 199 0008 034B     		ldr	r3, .L10
 200 000a 0022     		mov	r2, #0
 201 000c 5A60     		str	r2, [r3, #4]
 228:../Generated_Code/TU1.c ****   return ERR_OK;                       /* OK */
 202              		.loc 1 228 0
 203 000e 0023     		mov	r3, #0
 229:../Generated_Code/TU1.c **** }
 204              		.loc 1 229 0
 205 0010 181C     		mov	r0, r3
 206 0012 BD46     		mov	sp, r7
 207 0014 02B0     		add	sp, sp, #8
 208              		@ sp needed for prologue
 209 0016 80BD     		pop	{r7, pc}
 210              	.L11:
 211              		.align	2
 212              	.L10:
 213 0018 00800340 		.word	1073971200
 214              		.cfi_endproc
 215              	.LFE2:
 217              		.section	.text.TU1_GetCounterValue,"ax",%progbits
 218              		.align	2
 219              		.global	TU1_GetCounterValue
 220              		.code	16
 221              		.thumb_func
 223              	TU1_GetCounterValue:
 224              	.LFB3:
 230:../Generated_Code/TU1.c **** 
 231:../Generated_Code/TU1.c **** /*
 232:../Generated_Code/TU1.c **** ** ===================================================================
 233:../Generated_Code/TU1.c **** **     Method      :  TU1_GetCounterValue (component TimerUnit_LDD)
 234:../Generated_Code/TU1.c **** */
 235:../Generated_Code/TU1.c **** /*!
 236:../Generated_Code/TU1.c **** **     @brief
 237:../Generated_Code/TU1.c **** **         Returns the content of counter register. This method can be
 238:../Generated_Code/TU1.c **** **         used both if counter is enabled and if counter is disabled.
 239:../Generated_Code/TU1.c **** **         The method is not available if HW doesn't allow reading of
 240:../Generated_Code/TU1.c **** **         the counter.
 241:../Generated_Code/TU1.c **** **     @param
 242:../Generated_Code/TU1.c **** **         DeviceDataPtr   - Device data structure
 243:../Generated_Code/TU1.c **** **                           pointer returned by [Init] method.
 244:../Generated_Code/TU1.c **** **     @return
 245:../Generated_Code/TU1.c **** **                         - Counter value (number of counted ticks).
 246:../Generated_Code/TU1.c **** */
 247:../Generated_Code/TU1.c **** /* ===================================================================*/
 248:../Generated_Code/TU1.c **** TU1_TValueType TU1_GetCounterValue(LDD_TDeviceData *DeviceDataPtr)
 249:../Generated_Code/TU1.c **** {
 225              		.loc 1 249 0
 226              		.cfi_startproc
 227 0000 80B5     		push	{r7, lr}
 228              	.LCFI9:
 229              		.cfi_def_cfa_offset 8
 230              		.cfi_offset 7, -8
 231              		.cfi_offset 14, -4
 232 0002 82B0     		sub	sp, sp, #8
 233              	.LCFI10:
 234              		.cfi_def_cfa_offset 16
 235 0004 00AF     		add	r7, sp, #0
 236              	.LCFI11:
 237              		.cfi_def_cfa_register 7
 238 0006 7860     		str	r0, [r7, #4]
 250:../Generated_Code/TU1.c ****   (void)DeviceDataPtr;                 /* Parameter is not used, suppress unused argument warning *
 251:../Generated_Code/TU1.c ****   return (TU1_TValueType)TPM_PDD_ReadCounterReg(TPM0_BASE_PTR);
 239              		.loc 1 251 0
 240 0008 024B     		ldr	r3, .L14
 241 000a 5B68     		ldr	r3, [r3, #4]
 252:../Generated_Code/TU1.c **** }
 242              		.loc 1 252 0
 243 000c 181C     		mov	r0, r3
 244 000e BD46     		mov	sp, r7
 245 0010 02B0     		add	sp, sp, #8
 246              		@ sp needed for prologue
 247 0012 80BD     		pop	{r7, pc}
 248              	.L15:
 249              		.align	2
 250              	.L14:
 251 0014 00800340 		.word	1073971200
 252              		.cfi_endproc
 253              	.LFE3:
 255              		.text
 256              	.Letext0:
 257              		.file 2 "D:/Freescale/CW MCU v10.7/MCU/ARM_GCC_Support/ewl/EWL_C/include/cstdint"
 258              		.file 3 "../Generated_Code/PE_Types.h"
 259              		.file 4 "D:/Freescale/CW MCU v10.7/MCU/ProcessorExpert/lib/Kinetis/iofiles/MKL25Z4.h"
 260              		.file 5 "../Generated_Code/TU1.h"
DEFINED SYMBOLS
                            *ABS*:00000000 TU1.c
C:\Users\JOSHUA~1\AppData\Local\Temp\cchBhd5T.s:18     .bss.DeviceDataPrv__DEFAULT_RTOS_ALLOC:00000000 $d
C:\Users\JOSHUA~1\AppData\Local\Temp\cchBhd5T.s:21     .bss.DeviceDataPrv__DEFAULT_RTOS_ALLOC:00000000 DeviceDataPrv__DEFAULT_RTOS_ALLOC
C:\Users\JOSHUA~1\AppData\Local\Temp\cchBhd5T.s:24     .text.TU1_Init:00000000 $t
C:\Users\JOSHUA~1\AppData\Local\Temp\cchBhd5T.s:29     .text.TU1_Init:00000000 TU1_Init
C:\Users\JOSHUA~1\AppData\Local\Temp\cchBhd5T.s:118    .text.TU1_Init:00000070 $d
C:\Users\JOSHUA~1\AppData\Local\Temp\cchBhd5T.s:128    .text.TU1_Deinit:00000000 $t
C:\Users\JOSHUA~1\AppData\Local\Temp\cchBhd5T.s:133    .text.TU1_Deinit:00000000 TU1_Deinit
C:\Users\JOSHUA~1\AppData\Local\Temp\cchBhd5T.s:171    .text.TU1_Deinit:00000024 $d
C:\Users\JOSHUA~1\AppData\Local\Temp\cchBhd5T.s:177    .text.TU1_ResetCounter:00000000 $t
C:\Users\JOSHUA~1\AppData\Local\Temp\cchBhd5T.s:182    .text.TU1_ResetCounter:00000000 TU1_ResetCounter
C:\Users\JOSHUA~1\AppData\Local\Temp\cchBhd5T.s:213    .text.TU1_ResetCounter:00000018 $d
C:\Users\JOSHUA~1\AppData\Local\Temp\cchBhd5T.s:218    .text.TU1_GetCounterValue:00000000 $t
C:\Users\JOSHUA~1\AppData\Local\Temp\cchBhd5T.s:223    .text.TU1_GetCounterValue:00000000 TU1_GetCounterValue
C:\Users\JOSHUA~1\AppData\Local\Temp\cchBhd5T.s:251    .text.TU1_GetCounterValue:00000014 $d
                     .debug_frame:00000010 $d

UNDEFINED SYMBOLS
PE_LDD_DeviceDataList
