   1              		.cpu cortex-m0
   2              		.fpu softvfp
   3              		.eabi_attribute 20, 1
   4              		.eabi_attribute 21, 1
   5              		.eabi_attribute 23, 3
   6              		.eabi_attribute 24, 1
   7              		.eabi_attribute 25, 1
   8              		.eabi_attribute 26, 1
   9              		.eabi_attribute 30, 6
  10              		.eabi_attribute 34, 0
  11              		.eabi_attribute 18, 4
  12              		.code	16
  13              		.file	"Get_XY.c"
  14              		.text
  15              	.Ltext0:
  16              		.cfi_sections	.debug_frame
  17              		.section	.text.Get_X,"ax",%progbits
  18              		.align	2
  19              		.global	Get_X
  20              		.code	16
  21              		.thumb_func
  23              	Get_X:
  24              	.LFB0:
  25              		.file 1 "../Sources/TFC/Get_XY.c"
   1:../Sources/TFC/Get_XY.c **** /*
   2:../Sources/TFC/Get_XY.c ****  * Get_XY.c
   3:../Sources/TFC/Get_XY.c ****  * 
   4:../Sources/TFC/Get_XY.c ****  *
   5:../Sources/TFC/Get_XY.c ****  *  Created on: Mar 29, 2017
   6:../Sources/TFC/Get_XY.c ****  *      Author: Paul
   7:../Sources/TFC/Get_XY.c ****  *  This contains functions for reading the position on the tilt table
   8:../Sources/TFC/Get_XY.c ****  *  it calls the Pot function to get the analog value and it 
   9:../Sources/TFC/Get_XY.c ****  *  switches the GPIO pins from 3.3 & Gnd to Tristate so each X and Y can be read
  10:../Sources/TFC/Get_XY.c ****  *  GPIO uses LEDs  PTB 8.9.10.11  and Pots use  PTB3,2 which are ADC0_SE13 and 12 for X and Y
  11:../Sources/TFC/Get_XY.c ****  *  The touch panel has electrodes on one surface  L & R  and on other surface F  &  B
  12:../Sources/TFC/Get_XY.c ****  *  The connector for the 5x7 pads is set up 8=B   9=F   10=L   11=R
  13:../Sources/TFC/Get_XY.c ****  *  We multiplex between 3.3/GND and Tri/Tri  to Tri/Tri and 3.3/Gnd to ge Y and X readings
  14:../Sources/TFC/Get_XY.c ****  *  We will let the TFC_InitGPIO() do the initial set up of GPIO
  15:../Sources/TFC/Get_XY.c ****  */
  16:../Sources/TFC/Get_XY.c **** #include "TFC\TFC.h"
  17:../Sources/TFC/Get_XY.c **** 
  18:../Sources/TFC/Get_XY.c **** float Get_X(){
  26              		.loc 1 18 0
  27              		.cfi_startproc
  28 0000 80B5     		push	{r7, lr}
  29              	.LCFI0:
  30              		.cfi_def_cfa_offset 8
  31              		.cfi_offset 7, -8
  32              		.cfi_offset 14, -4
  33 0002 00AF     		add	r7, sp, #0
  34              	.LCFI1:
  35              		.cfi_def_cfa_register 7
  19:../Sources/TFC/Get_XY.c **** 	//Get X   Make the 0-3.3 V gradient across X and read pot 0  with Y tristated
  20:../Sources/TFC/Get_XY.c **** 
  21:../Sources/TFC/Get_XY.c **** return TFC_ReadPot(0);
  36              		.loc 1 21 0
  37 0004 0020     		mov	r0, #0
  38 0006 FFF7FEFF 		bl	TFC_ReadPot
  39 000a 031C     		add	r3, r0, #0
  22:../Sources/TFC/Get_XY.c **** }
  40              		.loc 1 22 0
  41 000c 181C     		add	r0, r3, #0
  42 000e BD46     		mov	sp, r7
  43              		@ sp needed for prologue
  44 0010 80BD     		pop	{r7, pc}
  45              		.cfi_endproc
  46              	.LFE0:
  48 0012 C046     		.section	.text.Get_Y,"ax",%progbits
  49              		.align	2
  50              		.global	Get_Y
  51              		.code	16
  52              		.thumb_func
  54              	Get_Y:
  55              	.LFB1:
  23:../Sources/TFC/Get_XY.c **** 
  24:../Sources/TFC/Get_XY.c **** float Get_Y(){
  56              		.loc 1 24 0
  57              		.cfi_startproc
  58 0000 80B5     		push	{r7, lr}
  59              	.LCFI2:
  60              		.cfi_def_cfa_offset 8
  61              		.cfi_offset 7, -8
  62              		.cfi_offset 14, -4
  63 0002 00AF     		add	r7, sp, #0
  64              	.LCFI3:
  65              		.cfi_def_cfa_register 7
  25:../Sources/TFC/Get_XY.c **** 	//Get Y   Make the 0-3.3 V gradient across Y and read pot 1  with X tristated
  26:../Sources/TFC/Get_XY.c **** 
  27:../Sources/TFC/Get_XY.c **** return TFC_ReadPot(1);
  66              		.loc 1 27 0
  67 0004 0120     		mov	r0, #1
  68 0006 FFF7FEFF 		bl	TFC_ReadPot
  69 000a 031C     		add	r3, r0, #0
  28:../Sources/TFC/Get_XY.c **** }
  70              		.loc 1 28 0
  71 000c 181C     		add	r0, r3, #0
  72 000e BD46     		mov	sp, r7
  73              		@ sp needed for prologue
  74 0010 80BD     		pop	{r7, pc}
  75              		.cfi_endproc
  76              	.LFE1:
  78 0012 C046     		.text
  79              	.Letext0:
DEFINED SYMBOLS
                            *ABS*:00000000 Get_XY.c
C:\Users\pmort\AppData\Local\Temp\cc1Uc7pn.s:18     .text.Get_X:00000000 $t
C:\Users\pmort\AppData\Local\Temp\cc1Uc7pn.s:23     .text.Get_X:00000000 Get_X
C:\Users\pmort\AppData\Local\Temp\cc1Uc7pn.s:49     .text.Get_Y:00000000 $t
C:\Users\pmort\AppData\Local\Temp\cc1Uc7pn.s:54     .text.Get_Y:00000000 Get_Y
                     .debug_frame:00000010 $d

UNDEFINED SYMBOLS
TFC_ReadPot
